BLUEBIO.MAP
BLUEBIO.RDC
GREENBIO.MAP
GREENBIO.RDC
INTRO3.MAP
INTRO3.RDC
INTRO4.MAP
INTRO4.RDC
INTRO5.MAP
INTRO5.RDC
PADDLES.RDC
PURPBIO.MAP
PURPBIO.RDC
REDBIO.MAP
REDBIO.RDC
SELECT.MAP
SELECT.RDC
SELECT0.MAP
SELECT0.RDC
SPEWM.MAP
SPEWM.RDC
SPEWS.MAP
SPEWS.RDC
TABLE2.MAP
TABLE2.RDC
TAUNT.MAP
TAUNT.RDC
TAUNTA.MAP
TAUNTA.RDC
TAUNTB.MAP
TAUNTB.RDC
WINNER1.MAP
WINNER1.RDC
WINNER2.MAP
WINNER2.RDC
WINNER3.MAP
WINNER3.RDC
WINNER4.MAP
WINNER4.RDC
WINNER5.MAP
WINNER5.RDC
YELLBIO.MAP
YELLBIO.RDC
ZONE1.MAP
ZONE1.RDC
ZONE2.MAP
ZONE2.RDC
ZONE2S.MAP
ZONE2S.RDC
ZONE3.MAP
ZONE3.RDC
ZONE3S.MAP
ZONE3S.RDC
ZONE4.MAP
ZONE4.RDC
ZONE5.MAP
ZONE5.RDC
ZONE6.MAP
ZONE6.RDC
ZONE7.MAP
ZONE7.RDC
ZONE8.MAP
ZONE8.RDC
